<?xml version="1.0" encoding="UTF-8"?>
<!-- Generated by org.testng.reporters.JUnitReportReporter -->
<testsuite hostname="LAPTOP-7OIHNNUL" name="com.weigthwatchers.base.BaseTest" tests="1" failures="0" timestamp="25 Apr 2017 06:04:39 GMT" time="17.658" errors="0">
  <testcase name="testing" time="17.658" classname="com.weigthwatchers.base.BaseTest"/>
</testsuite> <!-- com.weigthwatchers.base.BaseTest -->
